<?xml version="1.0" encoding="UTF-8"?>
<!-- Generated by org.testng.reporters.JUnitReportReporter -->
<testsuite skipped="0" hostname="BDC7-D-3PY1N62" name="com.tests.TestLoginForApplicaion" tests="1" failures="0" timestamp="11 May 2017 07:54:45 GMT" time="44.318" errors="0">
  <testcase name="loginAndVerifyTitle" time="44.318" classname="com.tests.TestLoginForApplicaion"/>
</testsuite> <!-- com.tests.TestLoginForApplicaion -->
